311...672...34...391.....591......828.......................738....................223....803..472..................................714.840.
adding 672
adding 391
adding 591
adding 828
adding 738
adding 803
adding 472
adding 714
adding 840
.......*...........*.....*...........*........631%...703.......*..12....652.................*.$............368.769*148.................*....
adding 631
adding 703
adding 12
adding 652
adding 368
adding 769
adding 148
....411...........2....837.121........511.745...........*.48.422.@.........@.............311........887......*................457........595
adding 411
adding 2
adding 837
adding 121
adding 511
adding 48
adding 422
adding 311
adding 887
adding 457
........*328...............&..........................144.*...................138............48.......*......682.........@...*.......777....
adding 328
adding 144
adding 138
adding 48
adding 682
adding 777
.....144.....+........170...................207............813..../.&....139..*.....346........*..147..143.+.....78....536..79........*.....
adding 144
adding 170
adding 207
adding 813
adding 139
adding 346
adding 147
adding 143
adding 78
adding 536
adding 79
...........828...559.................181...%..........613.......10...928...*...993.+.........758.*.........471...#../...............573.....
adding 828
adding 559
adding 181
adding 613
adding 10
adding 928
adding 993
adding 758
adding 471
adding 573
....................*164...132..........*........=.......*.................47.........186.........313..............411......................
adding 164
adding 132
adding 47
adding 313
adding 411
...............342............+..823.....533....519.....899...310................@........325...........15....................407.....#.....
adding 342
adding 823
adding 533
adding 519
adding 899
adding 310
adding 325
adding 407
515......916......*.@...........*.............................*......961.........827......*.......=.........567....=238...874*.......420....
adding 515
adding 916
adding 961
adding 827
adding 567
adding 238
adding 874
adding 420
...=.......*...207...882......719....455.973...................369...*.....*913........978...%..720..........-..............................
adding 207
adding 882
adding 719
adding 369
adding 913
adding 978
adding 720
........306................................................182.....534......................229........744.........+.....=..........918.....
adding 306
adding 182
adding 534
adding 229
adding 744
adding 918
303...........745...........361..............223..243.129.....=.................830.....%.................%......493....106............&....
adding 745
adding 129
adding 830
adding 493
adding 106
.................*209..17.........494.910................*90....496.....709......&....896...................................................
adding 209
adding 17
adding 910
adding 90
adding 496
adding 896
....%..562............*.....@...........*..528.......321...........*673......................887..%231...............700..............116...
adding 562
adding 528
adding 321
adding 673
adding 887
adding 231
adding 700
.988..=....944...596........806...24..519./..........*......../...............146...........*...................554..*......................
adding 988
adding 944
adding 596
adding 806
adding 519
adding 146
adding 554
..........$.......................................822...621..771..151.504.......*.628*343..34...+.&..............*..329.303..641..678..+....
adding 822
adding 621
adding 771
adding 151
adding 504
adding 628
adding 343
adding 34
adding 329
adding 303
adding 641
adding 678
........................361.....347*524..538...........*.........*.....-......790.............933..724......699...........*....*........262.
adding 361
adding 347
adding 524
adding 538
adding 790
adding 933
adding 724
adding 699
adding 262
.716..517...+..........*................*......955$..544.....238..593.....399.......#..=...................*...........241.....930..........
adding 716
adding 517
adding 955
adding 544
adding 238
adding 593
adding 399
adding 241
adding 930
...%.+.......744....550..........#131....964.............234..*.............*.....856..809..450....%....332.....419..................389....
adding 744
adding 550
adding 131
adding 964
adding 234
adding 856
adding 809
adding 450
adding 332
adding 419
adding 389
........264...............798......................816....%....228.......501..224........../.......645.............*499.....*.......*.......
adding 264
adding 798
adding 816
adding 228
adding 501
adding 224
adding 645
adding 499
.......*.......939........*.....@..............795*..............................*........................789................907.....647....
adding 939
adding 795
adding 789
adding 907
adding 647
.....612..........*.612..291..592........#.................567...................391.........................*....387............64.........
adding 612
adding 612
adding 291
adding 592
adding 567
adding 391
adding 387
adding 64
................24.....*.................814......=........$......./....346................444............833....*..........845...*.........
adding 24
adding 814
adding 346
adding 444
adding 833
adding 845
...........303.........605..326.....108.......%..56..842=.....*....387...*..478-..272=....*..........#........778.....299=..@...722.........
adding 303
adding 605
adding 326
adding 108
adding 56
adding 842
adding 387
adding 478
adding 272
adding 778
adding 299
adding 722
......484=..=.....753..........$......+.....449...............559.......144.............695.........675..................................253
adding 484
adding 753
adding 449
adding 559
adding 144
adding 695
adding 675
adding 253
...-...............*.........*................................................................987.......200......*......445.......124...*...
adding 987
adding 200
adding 445
....825............603....544.634........................432...=875...738...............731..*.............&..488.363..*.....663.........876
adding 825
adding 603
adding 544
adding 634
adding 432
adding 875
adding 738
adding 731
adding 488
adding 363
adding 663
adding 876
........755.................................#............-............/.............*....*....470..314.145..............277...@.....234-....
adding 470
adding 314
adding 145
adding 277
adding 234
....323.........221..............892...284..473.....44......342.622.........707....413...984..........*....../..............................
adding 221
adding 892
adding 284
adding 473
adding 342
adding 622
adding 707
adding 413
adding 984
..............$....*..............*...&........................*.......351%...*.............................226..........155....973+........
adding 351
adding 226
adding 155
adding 973
...............177.991..........268.............532=......./.....277........183......*935.........917....*........825.....-.................
adding 177
adding 991
adding 268
adding 532
adding 277
adding 183
adding 935
adding 917
adding 825
.....+.%................#...413........304...............384....*.................748........./....*...955.......#...........885.970........
adding 413
adding 304
adding 384
adding 748
adding 955
adding 885
adding 970
...44...627..........368.../...........=.........................314..293...................102..108............................*...........
adding 44
adding 627
adding 368
adding 314
adding 293
adding 102
adding 108
......=.........................=........733..433...128..............*.......889...........................661.........-358...$....281......
adding 733
adding 433
adding 889
adding 661
adding 358
adding 281
.....35..........$...........834.../699...../.-......................461.......-........*...................*..................374....=.#412
adding 35
adding 834
adding 699
adding 461
adding 374
adding 412
............763..201..$............................392........341........96......723.340.........327.736...1..$897.....471..................
adding 763
adding 201
adding 392
adding 96
adding 723
adding 340
adding 327
adding 736
adding 1
adding 897
.....*512..*.........221.............125$....257.....@.....................*.277.*................*...*................................@....
adding 512
adding 221
adding 125
adding 257
adding 277
..301......694..............54.............../.........611...............596.../..100.......164.801....596..490....&361.........415....412..
adding 301
adding 694
adding 54
adding 611
adding 596
adding 100
adding 164
adding 801
adding 596
adding 490
adding 361
adding 415
adding 412
..................243...927*.........29*293........645*.......862*2...........................=............*.....................*..$.......
adding 243
adding 927
adding 29
adding 293
adding 645
adding 862
adding 2
............$......&.........655.906...........500....................125.613..844.........@......435......984....725-..531.....711..79.....
adding 655
adding 906
adding 500
adding 125
adding 613
adding 435
adding 984
adding 725
adding 531
adding 711
adding 79
...817...450.....................*........431...%........................*..........957.....739..*.....................*....................
adding 817
adding 450
adding 431
adding 739
.....#........237......122.66.942............*.........548..................506.435...............73.883............644...101...............
adding 237
adding 122
adding 66
adding 942
adding 73
adding 883
adding 644
.863.............*......&..*..................98..283........532......750..............*........#.......+....594*...........................
adding 863
adding 98
adding 283
adding 532
adding 750
adding 594
....*.........451.........623.....*....*...........&............%..50*.......44.....123......951.................62.943......365...995......
adding 451
adding 623
adding 50
adding 44
adding 123
adding 951
adding 62
adding 943
adding 365
.639..............827.265......132..354.127...........350....................*..........................11..........*....%...*..............
adding 639
adding 827
adding 265
adding 132
adding 354
adding 127
adding 350
........41..#175....@...*..*.....................+......*..247.353...#.....44.....912-......757...............144..481.693.271.........993..
adding 41
adding 175
adding 247
adding 353
adding 44
adding 912
adding 757
adding 144
adding 481
adding 693
adding 271
adding 993
.........*.............993.707...857*...........375.....90...@...*..386.......403.............*..................*..............208....=....
adding 993
adding 707
adding 857
adding 375
adding 90
adding 386
adding 403
adding 208
.......343.437....391..........&.....117....637.....345.........43.......*662..@...........908.........956.......908.............&..........
adding 343
adding 437
adding 117
adding 637
adding 345
adding 43
adding 662
adding 908
adding 956
adding 908
389.............&...........670.............$...42.....*...=..........564................................%...............+..................
adding 389
adding 670
adding 564
...*............435....*.............913..............574..149.......................962....................953...77..641....514............
adding 435
adding 913
adding 574
adding 149
adding 962
adding 77
adding 641
adding 514
....448.....783.....892..381.....593.*.........................403*149................%..863*954....373-..+........*...........*.+...663....
adding 448
adding 892
adding 381
adding 593
adding 403
adding 149
adding 863
adding 954
adding 373
adding 663
906........................#......*...922.........950......................993...3.........................379....450.......877..804.#......
adding 922
adding 950
adding 993
adding 379
adding 450
adding 877
adding 804
...............768.......*......-.198.........160*............820......382...*......169.........*555..257...................................
adding 768
adding 198
adding 160
adding 820
adding 169
adding 555
adding 257
260..............*.....68.....281.......871...................*...980......875.......*.......169........*.............531......@............
adding 260
adding 68
adding 281
adding 871
adding 875
adding 169
....*......@.....587...................#......48..251..316@...848..................303................931..132..............790.............
adding 587
adding 48
adding 251
adding 316
adding 848
adding 303
adding 931
adding 132
adding 790
.....205...572................696........&.....@.....@............709..611.............=.......270........*....165......783.......790.......
adding 205
adding 572
adding 709
adding 611
adding 270
adding 165
adding 783
adding 790
......................965.........709..826....................882*......%..775.........391....*......985.5........*179.....*47.......&......
adding 709
adding 826
adding 882
adding 775
adding 391
adding 985
adding 5
adding 179
adding 47
.....451............@................#..................804..................$..161...........837..............*................$904....176.
adding 804
adding 161
adding 837
adding 904
adding 176
720.................70..........899.....868..............=.......357.252.......*..................707.......898.139.....704............*....
adding 70
adding 899
adding 868
adding 357
adding 252
adding 707
adding 898
adding 139
adding 704
....................................307*....510..................*.....*.......17..501.............*................@....*..........855.....
adding 307
adding 510
adding 17
adding 501
adding 855
.............745............451................*..689..980..@670.594.716..........*.................565......595..622.....793...............
adding 745
adding 451
adding 689
adding 980
adding 670
adding 594
adding 716
adding 565
adding 622
adding 793
.....890......$...73...422...*...977&.......324..%.......@................29.......945....*.............298-..................#.........#642
adding 890
adding 73
adding 422
adding 977
adding 324
adding 29
adding 945
adding 298
adding 642
........*........*....%......................................$645......-...*...150.....434.259..609*560....../............266..524..../.....
adding 645
adding 150
adding 434
adding 259
adding 609
adding 560
adding 266
adding 524
.....203..........133.....596.619.................*...............676.107..811...*...........................115...........*.........178....
adding 203
adding 133
adding 596
adding 619
adding 676
adding 107
adding 811
adding 115
adding 178
............................=..*...............157.682.......262..*............196......$..........707................14..386...............
adding 157
adding 682
adding 262
adding 196
adding 707
adding 386
.........871............605....721...........................*...867.................685..866.......*.............602...............628.....
adding 871
adding 605
adding 721
adding 867
adding 685
adding 866
adding 602
adding 628
......#.....*....413.......@.......380....872................372.......277......277.........*.......166...........@..........656....*....748
adding 413
adding 372
adding 277
adding 166
adding 656
.....841..664.......*.422............................945...........%............*.........959.863.........187........299.......*.....887....
adding 841
adding 664
adding 422
adding 945
adding 959
adding 187
adding 887
.708..............311....+..296*497.....751...639....*..........269..........875....%.........................-.................36..........
adding 311
adding 296
adding 497
adding 751
adding 269
adding 875
adding 36
.........834..............................@...........708...........................87....298..*471.....$.....463...........................
adding 834
adding 708
adding 87
adding 298
adding 471
adding 463
............+...739..........701........................................779................=.........265..642...............................
adding 739
adding 265
adding 642
......504..........*...............871*314....127..36..639.196..48..................96......../785.........*..854=.....607=...542...........
adding 871
adding 314
adding 127
adding 36
adding 639
adding 196
adding 48
adding 96
adding 785
adding 854
adding 607
adding 542
...73............254.591.........................*..$.....*......*.........35......*...@................150...................-........340..
adding 254
adding 591
adding 35
adding 150
adding 340
........224............/....*214...=..........949..............455.........*.......377.88....................823......582.............*.....
adding 224
adding 214
adding 949
adding 455
adding 377
adding 88
adding 823
adding 582
.......*.......643.......901........191..267.......293...................194..266.................987.......*........&....+.........545.....
adding 643
adding 901
adding 191
adding 267
adding 293
adding 194
adding 266
adding 987
adding 545
....604...583.....*............*742........*.........*........$..................*..365............*....=...880.55......540.520#............
adding 604
adding 583
adding 742
adding 365
adding 880
adding 55
adding 540
adding 520
............*..272.....843..201.....*....&.128..+....433.......563......281*77.540.+.......979&..134....514.......*..............46.........
adding 272
adding 201
adding 128
adding 433
adding 563
adding 281
adding 77
adding 540
adding 979
adding 134
adding 514
adding 46
...966.....67.......................19.934......224..........#....................................................693............*.....525..
adding 966
adding 67
adding 19
adding 934
adding 224
adding 693
adding 525
....*.........188.....904......*..............................210....*958.........811...............574....965................288..20.$.....
adding 188
adding 904
adding 210
adding 958
adding 811
adding 574
adding 965
adding 288
adding 20
..213.........*...137*.......325.....628..................406......34..............*.......406...$.*.........*.........867..........*.......
adding 213
adding 137
adding 325
adding 628
adding 406
adding 34
adding 406
adding 867
...........810............................*.....926.........*..............372.....372.....*...266.716........985......*.............1......
adding 810
adding 926
adding 372
adding 372
adding 266
adding 716
adding 985
adding 1
...............399*126.....*.......*...379..729.+........245.........893....-..866.....101.299..........8.544........784....................
adding 399
adding 126
adding 379
adding 729
adding 245
adding 101
adding 299
adding 784
954......................63.501.529........-.......695/.................................*..........320....................211.55...533......
adding 63
adding 501
adding 529
adding 695
adding 320
adding 211
adding 55
adding 533
............457..........................=.......................375#..........961*......720......*...............542........*.....+...327..
adding 457
adding 375
adding 961
adding 720
adding 542
adding 327
........396...*.476.774.680.189@.438......669............936.......................195.......405.926.213.....254.....*.................*....
adding 396
adding 476
adding 774
adding 680
adding 189
adding 438
adding 669
adding 936
adding 195
adding 405
adding 926
adding 213
...-.......-.......*.....&...........$........22....732.*.......$121.200...............-.......*........*.............522.825..77...........
adding 22
adding 732
adding 121
adding 200
adding 522
adding 825
adding 77
....272..............#............925.....378*......&....53.............*....605.....329.116..501..=.765......537.680......*..*.........#...
adding 272
adding 925
adding 378
adding 53
adding 605
adding 329
adding 116
adding 501
adding 765
adding 537
adding 680
817........109....209...........................690...................573...&............/........48...........*.....*..169...581.......537.
adding 817
adding 209
adding 690
adding 573
adding 48
adding 169
adding 581
adding 537
...=..747.............171.70.........990........*..............529.............482.....................383......531.53.............#211.....
adding 747
adding 171
adding 70
adding 990
adding 529
adding 482
adding 531
adding 53
adding 211
......*.....470........*...*.812.664.=.......141.....82...888...*.................@.312....9*860...........529............./...952..........
adding 470
adding 812
adding 664
adding 141
adding 82
adding 888
adding 312
adding 9
adding 860
adding 952
.....906...*....810...966....*.....*.....................*.......616........327-.....*...............................80.655.................
adding 906
adding 810
adding 966
adding 616
adding 327
adding 80
adding 655
323......459......@.........185.....894..891..........254.................................938.........262........602*.......................
adding 459
adding 185
adding 894
adding 891
adding 254
adding 262
adding 602
.............110.........................$......*55..........155..................248*600.....66........*...............*......75..880......
adding 110
adding 55
adding 155
adding 248
adding 600
adding 75
adding 880
.....459...........928...............................*900.....@.....27............................526....434.402.....840.816.......*........
adding 459
adding 928
adding 900
adding 27
adding 434
adding 402
adding 840
adding 816
......*........241....*...70.465...668....110=....905...........252..*..............%..........74.............*.................817...290...
adding 241
adding 70
adding 465
adding 668
adding 110
adding 905
adding 252
adding 74
adding 817
adding 290
.540...224........*.42......*........*.................705.......*..128...&.758=.512...884.....*..648*.......259.......486.627.......*......
adding 540
adding 224
adding 42
adding 705
adding 128
adding 758
adding 512
adding 884
adding 648
adding 259
adding 486
adding 627
....*..........467................462..321....296*211.*........283......488...........%......796......774.............%.......+.200.87......
adding 467
adding 462
adding 296
adding 211
adding 283
adding 488
adding 796
adding 774
adding 200
adding 87
...663..............$961..579...........................*...................189..........71................420..57...............*..........
adding 663
adding 961
adding 579
adding 189
adding 71
...........617.645...........*........700..886...806.581.610.....132.379.......$......+....-..941$.....................504....589........528
adding 617
adding 645
adding 700
adding 886
adding 806
adding 581
adding 610
adding 132
adding 379
adding 941
adding 504
adding 589
......377.......+.....290...221..768.....*....&....&................*.................556..............132.............*....................
adding 290
adding 221
adding 768
adding 556
adding 132
......................+.............*152.448............903.....339.....=.......709............991.......*.............865..................
adding 152
adding 448
adding 903
adding 339
adding 709
adding 991
adding 865
....-.....$717.............552................40..458....*.....*......365.......-......762.732...*.....690.266.....222............122.......
adding 717
adding 552
adding 40
adding 458
adding 365
adding 762
adding 732
adding 690
adding 266
adding 222
adding 122
.414...........496...+.712..*...=....785.........*.......79...884.991................/....*.....844..-........@....*...782...........*627...
adding 414
adding 496
adding 712
adding 785
adding 79
adding 884
adding 991
adding 844
adding 782
adding 627
.......$........%..560..*...873..739..#........368.991......*.....*.....27..........951..............864.........206...*...878..............
adding 560
adding 873
adding 739
adding 368
adding 991
adding 27
adding 951
adding 864
adding 206
adding 878
.....231..995...........865................602......*....379.609.935...+......643................952.....@...........884...*................
adding 231
adding 995
adding 865
adding 602
adding 379
adding 609
adding 935
adding 952
adding 884
.............$....726........360..........=.................................................*990.+........959............932................
adding 726
adding 360
adding 990
adding 959
adding 932
.....................+.508.....=...194.......*30........./...........487......171...243..709........495.........995.464.......997...........
adding 508
adding 194
adding 30
adding 487
adding 171
adding 709
adding 495
adding 995
adding 464
adding 997
......292..............$.............*....253.........*.554...........*......../......................*.........*....%......*....*582.446...
adding 253
adding 554
adding 582
adding 446
...........802.....237.....*32...286.259............132.....236......683.....&.......................705...$855.37.....=...476.........*....
adding 237
adding 32
adding 286
adding 259
adding 132
adding 236
adding 683
adding 705
adding 855
adding 37
adding 476
.....418=.............*.664........*..........*11............$.....=.....70.380....138.....416.609..................452........43...156..260
adding 418
adding 664
adding 11
adding 70
adding 380
adding 138
adding 416
adding 609
adding 452
adding 43
adding 156
adding 260
....................20..........512........303.....-................491...*.......*.........*..&..........&962..........*......#........-...
adding 20
adding 512
adding 303
adding 491
adding 962
426.646....833...........821....................348.......537...668........92.....295.....620...................147=.753....................
adding 646
adding 833
adding 348
adding 537
adding 92
adding 295
adding 620
adding 147
adding 753
......*.....*..................210.681...................$..........937.......350......................533............................+.....
adding 210
adding 350
adding 533
.65...22..656...#........*44...*.......178*.........446.........655..............*592.....952-.....680..*...........=..305#............704..
adding 65
adding 22
adding 656
adding 44
adding 178
adding 446
adding 592
adding 952
adding 680
adding 305
adding 704
...*.............422..835......126.........552.......*....543..........-....444.......995.........=.....771........480.........782..........
adding 422
adding 835
adding 126
adding 552
adding 543
adding 444
adding 995
adding 771
adding 480
............28............983$...........5............953.&.......216..749....=..........-....................232...........................
adding 983
adding 5
adding 953
adding 216
adding 749
adding 232
.....................878................*.........426...............*.........................$........792%..*....898......264...39.........
adding 426
adding 792
adding 39
...480.....674..149+...................740......#....*251..920.......552......................713...........639.......917.........*.........
adding 480
adding 674
adding 149
adding 740
adding 251
adding 920
adding 552
adding 713
adding 639
...+........+...................$951..........*..968.......*............................................750.......479............770.959....
adding 951
adding 968
adding 750
adding 479
adding 770
adding 959
...............424..54*489..+...........14..355...........782...50................900.770..........639.....&.942.....*39.....477........+...
adding 54
adding 489
adding 355
adding 782
adding 50
adding 900
adding 770
adding 639
adding 942
adding 39
adding 477
....888.....................412................................*...%123...579...../....&.....315.....#..........*..............*..66........
adding 888
adding 412
adding 123
adding 315
......*..........................793..402.......*807...854@...115........................=...*...204.......208..928..........121............
adding 793
adding 402
adding 807
adding 854
adding 115
adding 204
adding 208
adding 928
adding 121
...........880=.818......982......*......*...923.......................................809.962...*.........&................................
adding 880
adding 818
adding 982
adding 923
adding 809
adding 962
...957*511.........*436..@......704.......................-......../....84/...369.496..........917.....................464..................
adding 957
adding 511
adding 436
adding 704
adding 84
adding 496
adding 917
............................812.........785*...............848..506..................*116................=..#...............................
adding 785
adding 848
adding 506
adding 116
..........694..257..876.....................15.........176.............................................593...168...914.230-.200.........500.
adding 694
adding 257
adding 15
adding 176
adding 593
adding 168
adding 914
adding 230
adding 500
...427...&.....*..........................................*.............=...%....233..616&....299*.................-....................=...
adding 427
adding 233
adding 616
adding 299
......&......598............571/....60.........897.......911....34....106...713.@.............................933..........288..............
adding 598
adding 571
adding 60
adding 897
adding 911
adding 34
adding 106
adding 713
adding 933
adding 288
..314...............563...&...........*...........*............*......................198........................*............*591....246...
adding 314
adding 563
adding 591
....*......274.875.....+.114...........105.763..319...................*730.....158.....................487.......505........................
adding 274
adding 875
adding 114
adding 105
adding 763
adding 319
adding 730
adding 158
adding 487
adding 505
.439..........*......................*........*.......595.190.173..653............*...882.812.....*230..-............522....=.......192.....
adding 439
adding 595
adding 190
adding 173
adding 653
adding 882
adding 812
adding 230
adding 522
adding 192
................554...825...845...797.572..814.......*.......*............*....167.......*.....581...................-.......330.......#....
adding 554
adding 825
adding 845
adding 797
adding 572
adding 814
adding 167
adding 581
adding 330
.......82......*......$....#.........................318...............326.924......880....288..........*.....44.....................+......
adding 82
adding 318
adding 326
adding 924
adding 880
adding 288
adding 44
.....-...-....526.........................=981...........959....................*.............*......915.116.*....$...=..............577....
adding 526
adding 981
adding 959
adding 915
adding 116
adding 577
..130..............................@330..............414.*....679........999.344.611.......432..................690....502..................
adding 130
adding 330
adding 414
adding 679
adding 999
adding 344
adding 611
adding 432
adding 690
adding 502
.............476...#.........................................&.............%...........303.....731.........681..............................
adding 476
adding 303
adding 731
adding 681
....@791....*....152....397....*.....975............904................225...............*.......$........&.....169.207.....................
adding 791
adding 152
adding 397
adding 904
adding 225
..........995...........&...558.857.......141..803.%....-........199.....*......573..63..315................*...........519.................
adding 995
adding 558
adding 857
adding 141
adding 803
adding 199
adding 573
adding 63
adding 315
......................................158*....*........737.........%....399....*..................#47....100................574...#333......
adding 158
adding 737
adding 399
adding 47
adding 100
adding 333
..........56............822..................665............................563..383........................................................
adding 665
adding 563
541611
