311...672...34...391.....591......828.......................738....................223....803..472..................................714.840.
number is next to *
adding 672
number is next to *
adding 391
number is next to *
adding 591
number is next to *
adding 828
number is next to *
adding 738
number is next to *
adding 803
number is next to $
adding 472
number is next to *
adding 714
number is next to *
adding 840
.......*...........*.....*...........*........631%...703.......*..12....652.................*.$............368.769*148.................*....
number is next to %
adding 631
number is next to *
adding 703
number is next to @
adding 12
number is next to @
adding 652
number is next to *
adding 368
number is next to *
adding 769
number is next to *
adding 148
....411...........2....837.121........511.745...........*.48.422.@.........@.............311........887......*................457........595
number is next to *
adding 411
number is next to *
adding 2
number is next to *
adding 837
number is next to &
adding 121
number is next to *
adding 511
number is next to *
adding 48
number is next to *
adding 422
number is next to *
adding 311
number is next to *
adding 887
number is next to *
adding 457
........*328...............&..........................144.*...................138............48.......*......682.........@...*.......777....
number is next to *
adding 328
number is next to *
adding 144
number is next to *
adding 138
number is next to *
adding 48
number is next to *
adding 682
number is next to *
adding 777
.....144.....+........170...................207............813..../.&....139..*.....346........*..147..143.+.....78....536..79........*.....
number is next to *
adding 144
number is next to %
adding 207
number is next to *
adding 813
number is next to *
adding 139
number is next to +
adding 346
number is next to *
adding 147
number is next to *
adding 143
number is next to #
adding 78
number is next to @
adding 536
number is next to *
adding 79
...........828...559.................181...%..........613.......10...928...*...993.+.........758.*.........471...#../...............573.....
number is next to +
adding 828
number is next to *
adding 559
number is next to *
adding 181
number is next to *
adding 613
number is next to /
adding 10
number is next to &
adding 928
number is next to *
adding 993
number is next to *
adding 758
number is next to +
adding 471
number is next to *
adding 573
....................*164...132..........*........=.......*.................47.........186.........313..............411......................
number is next to *
adding 164
number is next to +
adding 132
number is next to *
adding 47
number is next to *
adding 313
number is next to /
adding 411
...............342............+..823.....533....519.....899...310................@........325...........15....................407.....#.....
number is next to *
adding 342
number is next to *
adding 823
number is next to *
adding 533
number is next to =
adding 519
number is next to *
adding 899
number is next to *
adding 310
number is next to *
adding 325
number is next to *
adding 407
515......916......*.@...........*.............................*......961.........827......*.......=.........567....=238...874*.......420....
number is next to =
adding 515
number is next to *
adding 916
number is next to *
adding 961
number is next to @
adding 827
number is next to -
adding 567
number is next to =
adding 238
number is next to *
adding 874
number is next to #
adding 420
...=.......*...207...882......719....455.973...................369...*.....*913........978...%..720..........-..............................
number is next to *
adding 207
number is next to @
adding 882
number is next to *
adding 719
number is next to *
adding 369
number is next to *
adding 913
number is next to *
adding 978
number is next to =
adding 720
........306................................................182.....534......................229........744.........+.....=..........918.....
number is next to *
adding 306
number is next to =
adding 182
number is next to *
adding 534
number is next to %
adding 229
number is next to %
adding 744
number is next to &
adding 918
303...........745...........361..............223..243.129.....=.................830.....%.................%......493....106............&....
number is next to *
adding 745
number is next to *
adding 129
number is next to &
adding 830
number is next to +
adding 493
number is next to =
adding 106
.................*209..17.........494.910................*90....496.....709......&....896...................................................
number is next to *
adding 209
number is next to *
adding 17
number is next to *
adding 910
number is next to *
adding 90
number is next to *
adding 496
number is next to %
adding 896
....%..562............*.....@...........*..528.......321...........*673......................887..%231...............700..............116...
number is next to =
adding 562
number is next to /
adding 528
number is next to *
adding 321
number is next to *
adding 673
number is next to *
adding 887
number is next to %
adding 231
number is next to *
adding 700
.988..=....944...596........806...24..519./..........*......../...............146...........*...................554..*......................
number is next to %
adding 988
number is next to $
adding 944
number is next to @
adding 806
number is next to *
adding 519
number is next to *
adding 146
number is next to *
adding 554
..........$.......................................822...621..771..151.504.......*.628*343..34...+.&..............*..329.303..641..678..+....
number is next to *
adding 822
number is next to *
adding 621
number is next to /
adding 771
number is next to *
adding 151
number is next to -
adding 504
number is next to *
adding 628
number is next to *
adding 343
number is next to *
adding 34
number is next to *
adding 329
number is next to *
adding 303
number is next to *
adding 641
........................361.....347*524..538...........*.........*.....-......790.............933..724......699...........*....*........262.
number is next to *
adding 361
number is next to *
adding 347
number is next to *
adding 524
number is next to *
adding 538
number is next to *
adding 790
number is next to +
adding 933
number is next to &
adding 724
number is next to *
adding 699
number is next to +
adding 262
.716..517...+..........*................*......955$..544.....238..593.....399.......#..=...................*...........241.....930..........
number is next to %
adding 716
number is next to +
adding 517
number is next to $
adding 955
number is next to *
adding 544
number is next to *
adding 238
number is next to *
adding 593
number is next to *
adding 399
number is next to *
adding 241
number is next to *
adding 930
...%.+.......744....550..........#131....964.............234..*.............*.....856..809..450....%....332.....419..................389....
number is next to +
adding 744
number is next to *
adding 550
number is next to #
adding 131
number is next to *
adding 964
number is next to %
adding 234
number is next to #
adding 856
number is next to =
adding 809
number is next to /
adding 450
number is next to *
adding 332
number is next to *
adding 419
number is next to *
adding 389
........264...............798......................816....%....228.......501..224........../.......645.............*499.....*.......*.......
number is next to *
adding 264
number is next to *
adding 798
number is next to *
adding 816
number is next to *
adding 228
number is next to *
adding 501
number is next to *
adding 224
number is next to %
adding 645
number is next to *
adding 499
.......*.......939........*.....@..............795*..............................*........................789................907.....647....
number is next to *
adding 939
number is next to *
adding 795
number is next to *
adding 789
number is next to *
adding 907
number is next to *
adding 647
.....612..........*.612..291..592........#.................567...................391.........................*....387............64.........
number is next to *
adding 612
number is next to *
adding 612
number is next to *
adding 291
number is next to @
adding 592
number is next to $
adding 567
number is next to *
adding 391
number is next to *
adding 387
number is next to *
adding 64
................24.....*.................814......=........$......./....346................444............833....*..........845...*.........
number is next to *
adding 24
number is next to #
adding 814
number is next to *
adding 346
number is next to *
adding 444
number is next to *
adding 833
number is next to @
adding 845
...........303.........605..326.....108.......%..56..842=.....*....387...*..478-..272=....*..........#........778.....299=..@...722.........
number is next to =
adding 303
number is next to *
adding 605
number is next to $
adding 326
number is next to +
adding 108
number is next to =
adding 56
number is next to =
adding 842
number is next to /
adding 387
number is next to -
adding 478
number is next to =
adding 272
number is next to *
adding 778
number is next to =
adding 299
number is next to *
adding 722
......484=..=.....753..........$......+.....449...............559.......144.............695.........675..................................253
number is next to =
adding 484
number is next to *
adding 753
number is next to %
adding 449
number is next to *
adding 559
number is next to *
adding 144
number is next to *
adding 695
number is next to #
adding 675
number is next to *
adding 253
...-...............*.........*................................................................987.......200......*......445.......124...*...
number is next to *
adding 987
number is next to &
adding 200
number is next to *
adding 445
....825............603....544.634........................432...=875...738...............731..*.............&..488.363..*.....663.........876
number is next to -
adding 825
number is next to *
adding 603
number is next to *
adding 544
number is next to *
adding 634
number is next to -
adding 432
number is next to =
adding 875
number is next to /
adding 738
number is next to *
adding 731
number is next to *
adding 488
number is next to *
adding 363
number is next to @
adding 663
number is next to *
adding 876
........755.................................#............-............/.............*....*....470..314.145..............277...@.....234-....
number is next to *
adding 470
number is next to *
adding 314
number is next to *
adding 145
number is next to *
adding 277
number is next to -
adding 234
....323.........221..............892...284..473.....44......342.622.........707....413...984..........*....../..............................
number is next to *
adding 221
number is next to *
adding 892
number is next to &
adding 284
number is next to #
adding 473
number is next to *
adding 342
number is next to *
adding 622
number is next to *
adding 707
number is next to *
adding 413
number is next to *
adding 984
..............$....*..............*...&........................*.......351%...*.............................226..........155....973+........
number is next to %
adding 351
number is next to /
adding 226
number is next to -
adding 155
number is next to +
adding 973
...............177.991..........268.............532=......./.....277........183......*935.........917....*........825.....-.................
number is next to $
adding 177
number is next to *
adding 991
number is next to *
adding 268
number is next to =
adding 532
number is next to *
adding 277
number is next to *
adding 183
number is next to *
adding 935
number is next to *
adding 917
number is next to #
adding 825
.....+.%................#...413........304...............384....*.................748........./....*...955.......#...........885.970........
number is next to /
adding 413
number is next to =
adding 304
number is next to /
adding 384
number is next to *
adding 748
number is next to *
adding 955
number is next to *
adding 885
number is next to *
adding 970
...44...627..........368.../...........=.........................314..293...................102..108............................*...........
number is next to +
adding 44
number is next to %
adding 627
number is next to #
adding 368
number is next to *
adding 314
number is next to *
adding 293
number is next to /
adding 102
number is next to *
adding 108
......=.........................=........733..433...128..............*.......889...........................661.........-358...$....281......
number is next to /
adding 733
number is next to -
adding 433
number is next to -
adding 889
number is next to *
adding 661
number is next to -
adding 358
number is next to =
adding 281
.....35..........$...........834.../699...../.-......................461.......-........*...................*..................374....=.#412
number is next to =
adding 35
number is next to =
adding 834
number is next to /
adding 699
number is next to *
adding 461
number is next to $
adding 374
number is next to #
adding 412
............763..201..$............................392........341........96......723.340.........327.736...1..$897.....471..................
number is next to *
adding 763
number is next to $
adding 201
number is next to @
adding 392
number is next to *
adding 96
number is next to *
adding 723
number is next to *
adding 340
number is next to *
adding 327
number is next to *
adding 736
number is next to *
adding 1
number is next to $
adding 897
.....*512..*.........221.............125$....257.....@.....................*.277.*................*...*................................@....
number is next to *
adding 512
number is next to $
adding 221
number is next to $
adding 125
number is next to /
adding 257
number is next to /
adding 277
..301......694..............54.............../.........611...............596.../..100.......164.801....596..490....&361.........415....412..
number is next to *
adding 301
number is next to *
adding 694
number is next to *
adding 54
number is next to *
adding 611
number is next to *
adding 596
number is next to *
adding 100
number is next to =
adding 164
number is next to *
adding 801
number is next to *
adding 596
number is next to *
adding 490
number is next to &
adding 361
number is next to *
adding 415
number is next to @
adding 412
..................243...927*.........29*293........645*.......862*2...........................=............*.....................*..$.......
number is next to &
adding 243
number is next to *
adding 927
number is next to *
adding 29
number is next to *
adding 293
number is next to *
adding 645
number is next to *
adding 862
number is next to *
adding 2
............$......&.........655.906...........500....................125.613..844.........@......435......984....725-..531.....711..79.....
number is next to *
adding 906
number is next to %
adding 500
number is next to *
adding 125
number is next to *
adding 613
number is next to *
adding 435
number is next to *
adding 984
number is next to -
adding 725
number is next to *
adding 531
number is next to *
adding 711
number is next to $
adding 79
...817...450.....................*........431...%........................*..........957.....739..*.....................*....................
number is next to #
adding 817
number is next to $
adding 450
number is next to *
adding 431
number is next to @
adding 739
.....#........237......122.66.942............*.........548..................506.435...............73.883............644...101...............
number is next to *
adding 237
number is next to &
adding 122
number is next to *
adding 66
number is next to *
adding 942
number is next to *
adding 73
number is next to +
adding 883
number is next to *
adding 644
.863.............*......&..*..................98..283........532......750..............*........#.......+....594*...........................
number is next to *
adding 863
number is next to *
adding 98
number is next to &
adding 283
number is next to %
adding 532
number is next to *
adding 750
number is next to *
adding 594
....*.........451.........623.....*....*...........&............%..50*.......44.....123......951.................62.943......365...995......
number is next to *
adding 451
number is next to *
adding 623
number is next to *
adding 50
number is next to *
adding 44
number is next to *
adding 123
number is next to #
adding 951
number is next to *
adding 62
number is next to *
adding 943
number is next to *
adding 365
.639..............827.265......132..354.127...........350....................*..........................11..........*....%...*..............
number is next to *
adding 639
number is next to @
adding 827
number is next to *
adding 265
number is next to *
adding 132
number is next to *
adding 354
number is next to *
adding 127
number is next to *
adding 350
........41..#175....@...*..*.....................+......*..247.353...#.....44.....912-......757...............144..481.693.271.........993..
number is next to *
adding 41
number is next to #
adding 175
number is next to @
adding 247
number is next to *
adding 353
number is next to *
adding 44
number is next to -
adding 912
number is next to *
adding 757
number is next to *
adding 144
number is next to *
adding 481
number is next to %
adding 693
number is next to *
adding 271
number is next to =
adding 993
.........*.............993.707...857*...........375.....90...@...*..386.......403.............*..................*..............208....=....
number is next to *
adding 993
number is next to *
adding 707
number is next to *
adding 857
number is next to +
adding 375
number is next to *
adding 90
number is next to #
adding 386
number is next to @
adding 403
number is next to &
adding 208
.......343.437....391..........&.....117....637.....345.........43.......*662..@...........908.........956.......908.............&..........
number is next to *
adding 343
number is next to *
adding 117
number is next to $
adding 637
number is next to *
adding 345
number is next to *
adding 43
number is next to *
adding 662
number is next to *
adding 908
number is next to %
adding 956
number is next to *
adding 908
389.............&...........670.............$...42.....*...=..........564................................%...............+..................
number is next to *
adding 389
number is next to &
adding 670
number is next to *
adding 564
...*............435....*.............913..............574..149.......................962....................953...77..641....514............
number is next to &
adding 435
number is next to *
adding 913
number is next to *
adding 574
number is next to =
adding 149
number is next to %
adding 962
number is next to *
adding 77
number is next to +
adding 641
number is next to *
adding 514
....448.....783.....892..381.....593.*.........................403*149................%..863*954....373-..+........*...........*.+...663....
number is next to *
adding 448
number is next to *
adding 892
number is next to #
adding 381
number is next to *
adding 593
number is next to *
adding 403
number is next to *
adding 149
number is next to *
adding 863
number is next to *
adding 954
number is next to -
adding 373
number is next to #
adding 663
906........................#......*...922.........950......................993...3.........................379....450.......877..804.#......
number is next to *
adding 922
number is next to *
adding 950
number is next to *
adding 993
number is next to +
adding 379
number is next to *
adding 450
number is next to *
adding 877
number is next to +
adding 804
...............768.......*......-.198.........160*............820......382...*......169.........*555..257...................................
number is next to *
adding 768
number is next to *
adding 198
number is next to *
adding 160
number is next to *
adding 820
number is next to *
adding 169
number is next to *
adding 555
number is next to *
adding 257
260..............*.....68.....281.......871...................*...980......875.......*.......169........*.............531......@............
number is next to *
adding 68
number is next to -
adding 281
number is next to #
adding 871
number is next to *
adding 875
number is next to *
adding 169
....*......@.....587...................#......48..251..316@...848..................303................931..132..............790.............
number is next to *
adding 587
number is next to @
adding 48
number is next to @
adding 251
number is next to @
adding 316
number is next to *
adding 848
number is next to *
adding 303
number is next to *
adding 931
number is next to *
adding 132
number is next to @
adding 790
.....205...572................696........&.....@.....@............709..611.............=.......270........*....165......783.......790.......
number is next to *
adding 205
number is next to @
adding 572
number is next to *
adding 709
number is next to %
adding 611
number is next to *
adding 270
number is next to *
adding 165
number is next to *
adding 783
number is next to &
adding 790
......................965.........709..826....................882*......%..775.........391....*......985.5........*179.....*47.......&......
number is next to #
adding 709
number is next to &
adding 826
number is next to *
adding 882
number is next to $
adding 775
number is next to =
adding 391
number is next to *
adding 5
number is next to *
adding 179
number is next to *
adding 47
.....451............@................#..................804..................$..161...........837..............*................$904....176.
number is next to =
adding 804
number is next to *
adding 161
number is next to *
adding 837
number is next to $
adding 904
number is next to *
adding 176
720.................70..........899.....868..............=.......357.252.......*..................707.......898.139.....704............*....
number is next to @
adding 70
number is next to *
adding 868
number is next to *
adding 357
number is next to *
adding 252
number is next to *
adding 707
number is next to *
adding 898
number is next to *
adding 139
number is next to *
adding 704
....................................307*....510..................*.....*.......17..501.............*................@....*..........855.....
number is next to *
adding 307
number is next to *
adding 510
number is next to *
adding 17
number is next to *
adding 501
number is next to *
adding 855
.............745............451................*..689..980..@670.594.716..........*.................565......595..622.....793...............
number is next to $
adding 745
number is next to *
adding 451
number is next to %
adding 689
number is next to @
adding 980
number is next to @
adding 670
number is next to *
adding 594
number is next to *
adding 716
number is next to *
adding 565
number is next to @
adding 622
number is next to *
adding 793
.....890......$...73...422...*...977&.......324..%.......@................29.......945....*.............298-..................#.........#642
number is next to *
adding 890
number is next to *
adding 73
number is next to %
adding 422
number is next to &
adding 977
number is next to *
adding 324
number is next to *
adding 29
number is next to *
adding 945
number is next to -
adding 298
number is next to #
adding 642
........*........*....%......................................$645......-...*...150.....434.259..609*560....../............266..524..../.....
number is next to $
adding 645
number is next to *
adding 150
number is next to *
adding 434
number is next to *
adding 259
number is next to *
adding 609
number is next to *
adding 560
number is next to *
adding 266
number is next to #
adding 524
.....203..........133.....596.619.................*...............676.107..811...*...........................115...........*.........178....
number is next to *
adding 203
number is next to *
adding 133
number is next to =
adding 596
number is next to *
adding 619
number is next to *
adding 676
number is next to -
adding 107
number is next to *
adding 811
number is next to /
adding 115
number is next to /
adding 178
............................=..*...............157.682.......262..*............196......$..........707................14..386...............
number is next to *
adding 157
number is next to *
adding 682
number is next to *
adding 262
number is next to *
adding 196
number is next to *
adding 707
number is next to *
adding 386
.........871............605....721...........................*...867.................685..866.......*.............602...............628.....
number is next to *
adding 871
number is next to @
adding 605
number is next to *
adding 721
number is next to *
adding 867
number is next to $
adding 685
number is next to *
adding 866
number is next to @
adding 602
number is next to *
adding 628
......#.....*....413.......@.......380....872................372.......277......277.........*.......166...........@..........656....*....748
number is next to *
adding 413
number is next to *
adding 372
number is next to *
adding 277
number is next to *
adding 166
number is next to *
adding 656
.....841..664.......*.422............................945...........%............*.........959.863.........187........299.......*.....887....
number is next to #
adding 841
number is next to *
adding 664
number is next to +
adding 422
number is next to *
adding 945
number is next to *
adding 959
number is next to *
adding 887
.708..............311....+..296*497.....751...639....*..........269..........875....%.........................-.................36..........
number is next to *
adding 311
number is next to *
adding 296
number is next to *
adding 497
number is next to @
adding 751
number is next to %
adding 269
number is next to *
adding 875
number is next to *
adding 36
.........834..............................@...........708...........................87....298..*471.....$.....463...........................
number is next to +
adding 834
number is next to *
adding 708
number is next to %
adding 87
number is next to =
adding 298
number is next to *
adding 471
number is next to -
adding 463
............+...739..........701........................................779................=.........265..642...............................
number is next to *
adding 739
number is next to $
adding 265
number is next to *
adding 642
......504..........*...............871*314....127..36..639.196..48..................96......../785.........*..854=.....607=...542...........
number is next to *
adding 871
number is next to *
adding 314
number is next to *
adding 127
number is next to $
adding 36
number is next to *
adding 639
number is next to *
adding 196
number is next to *
adding 48
number is next to *
adding 96
number is next to /
adding 785
number is next to =
adding 854
number is next to =
adding 607
number is next to -
adding 542
...73............254.591.........................*..$.....*......*.........35......*...@................150...................-........340..
number is next to *
adding 254
number is next to /
adding 591
number is next to *
adding 35
number is next to *
adding 150
number is next to *
adding 340
........224............/....*214...=..........949..............455.........*.......377.88....................823......582.............*.....
number is next to *
adding 224
number is next to *
adding 214
number is next to *
adding 949
number is next to *
adding 455
number is next to *
adding 377
number is next to @
adding 88
number is next to *
adding 823
number is next to &
adding 582
.......*.......643.......901........191..267.......293...................194..266.................987.......*........&....+.........545.....
number is next to *
adding 643
number is next to *
adding 901
number is next to =
adding 191
number is next to *
adding 267
number is next to *
adding 293
number is next to *
adding 194
number is next to *
adding 266
number is next to *
adding 987
number is next to *
adding 545
....604...583.....*............*742........*.........*........$..................*..365............*....=...880.55......540.520#............
number is next to *
adding 604
number is next to *
adding 583
number is next to *
adding 742
number is next to +
adding 365
number is next to *
adding 880
number is next to *
adding 55
number is next to +
adding 540
number is next to #
adding 520
............*..272.....843..201.....*....&.128..+....433.......563......281*77.540.+.......979&..134....514.......*..............46.........
number is next to *
adding 272
number is next to *
adding 201
number is next to *
adding 128
number is next to *
adding 433
number is next to $
adding 563
number is next to *
adding 281
number is next to *
adding 77
number is next to *
adding 540
number is next to &
adding 979
number is next to *
adding 134
number is next to =
adding 514
number is next to *
adding 46
...966.....67.......................19.934......224..........#....................................................693............*.....525..
number is next to *
adding 966
number is next to *
adding 67
number is next to *
adding 19
number is next to &
adding 934
number is next to +
adding 224
number is next to *
adding 693
number is next to $
adding 525
....*.........188.....904......*..............................210....*958.........811...............574....965................288..20.$.....
number is next to *
adding 188
number is next to *
adding 904
number is next to #
adding 210
number is next to *
adding 958
number is next to *
adding 811
number is next to *
adding 574
number is next to *
adding 965
number is next to *
adding 288
number is next to *
adding 20
..213.........*...137*.......325.....628..................406......34..............*.......406...$.*.........*.........867..........*.......
number is next to *
adding 213
number is next to *
adding 137
number is next to *
adding 325
number is next to *
adding 406
number is next to *
adding 34
number is next to *
adding 406
number is next to *
adding 867
...........810............................*.....926.........*..............372.....372.....*...266.716........985......*.............1......
number is next to *
adding 810
number is next to +
adding 926
number is next to -
adding 372
number is next to *
adding 372
number is next to $
adding 266
number is next to *
adding 716
number is next to *
adding 985
number is next to *
adding 1
...............399*126.....*.......*...379..729.+........245.........893....-..866.....101.299..........8.544........784....................
number is next to *
adding 399
number is next to *
adding 126
number is next to *
adding 379
number is next to -
adding 729
number is next to *
adding 245
number is next to *
adding 101
number is next to *
adding 299
number is next to *
adding 784
954......................63.501.529........-.......695/.................................*..........320....................211.55...533......
number is next to *
adding 63
number is next to *
adding 501
number is next to *
adding 529
number is next to /
adding 695
number is next to *
adding 320
number is next to *
adding 211
number is next to *
adding 55
number is next to +
adding 533
............457..........................=.......................375#..........961*......720......*...............542........*.....+...327..
number is next to *
adding 457
number is next to #
adding 375
number is next to *
adding 961
number is next to *
adding 720
number is next to *
adding 542
number is next to *
adding 327
........396...*.476.774.680.189@.438......669............936.......................195.......405.926.213.....254.....*.................*....
number is next to -
adding 396
number is next to *
adding 476
number is next to *
adding 774
number is next to &
adding 680
number is next to @
adding 189
number is next to =
adding 669
number is next to *
adding 936
number is next to *
adding 195
number is next to *
adding 405
number is next to *
adding 926
number is next to *
adding 213
...-.......-.......*.....&...........$........22....732.*.......$121.200...............-.......*........*.............522.825..77...........
number is next to *
adding 22
number is next to &
adding 732
number is next to $
adding 121
number is next to *
adding 200
number is next to *
adding 522
number is next to *
adding 825
number is next to *
adding 77
....272..............#............925.....378*......&....53.............*....605.....329.116..501..=.765......537.680......*..*.........#...
number is next to -
adding 272
number is next to $
adding 925
number is next to *
adding 378
number is next to *
adding 53
number is next to &
adding 605
number is next to -
adding 329
number is next to /
adding 116
number is next to *
adding 501
number is next to *
adding 765
number is next to *
adding 537
number is next to *
adding 680
817........109....209...........................690...................573...&............/........48...........*.....*..169...581.......537.
number is next to =
adding 817
number is next to #
adding 209
number is next to *
adding 690
number is next to *
adding 573
number is next to =
adding 48
number is next to *
adding 169
number is next to *
adding 581
number is next to #
adding 537
...=..747.............171.70.........990........*..............529.............482.....................383......531.53.............#211.....
number is next to *
adding 747
number is next to *
adding 171
number is next to *
adding 70
number is next to =
adding 990
number is next to *
adding 529
number is next to @
adding 482
number is next to *
adding 531
number is next to *
adding 53
number is next to #
adding 211
......*.....470........*...*.812.664.=.......141.....82...888...*.................@.312....9*860...........529............./...952..........
number is next to *
adding 470
number is next to *
adding 812
number is next to *
adding 664
number is next to *
adding 141
number is next to *
adding 888
number is next to *
adding 312
number is next to *
adding 9
number is next to *
adding 860
.....906...*....810...966....*.....*.....................*.......616........327-.....*...............................80.655.................
number is next to *
adding 906
number is next to @
adding 810
number is next to *
adding 966
number is next to *
adding 616
number is next to -
adding 327
number is next to *
adding 80
number is next to /
adding 655
323......459......@.........185.....894..891..........254.................................938.........262........602*.......................
number is next to *
adding 459
number is next to *
adding 185
number is next to *
adding 894
number is next to $
adding 891
number is next to *
adding 254
number is next to *
adding 262
number is next to *
adding 602
.............110.........................$......*55..........155..................248*600.....66........*...............*......75..880......
number is next to *
adding 55
number is next to @
adding 155
number is next to *
adding 248
number is next to *
adding 600
number is next to *
adding 880
.....459...........928...............................*900.....@.....27............................526....434.402.....840.816.......*........
number is next to *
adding 459
number is next to *
adding 928
number is next to *
adding 900
number is next to *
adding 27
number is next to *
adding 434
number is next to *
adding 402
number is next to *
adding 840
number is next to *
adding 816
......*........241....*...70.465...668....110=....905...........252..*..............%..........74.............*.................817...290...
number is next to *
adding 241
number is next to *
adding 70
number is next to *
adding 465
number is next to *
adding 668
number is next to =
adding 110
number is next to *
adding 905
number is next to *
adding 252
number is next to *
adding 74
number is next to *
adding 817
number is next to *
adding 290
.540...224........*.42......*........*.................705.......*..128...&.758=.512...884.....*..648*.......259.......486.627.......*......
number is next to *
adding 540
number is next to *
adding 224
number is next to *
adding 42
number is next to *
adding 705
number is next to *
adding 128
number is next to =
adding 758
number is next to %
adding 512
number is next to %
adding 884
number is next to *
adding 648
number is next to *
adding 259
number is next to %
adding 486
number is next to +
adding 627
....*..........467................462..321....296*211.*........283......488...........%......796......774.............%.......+.200.87......
number is next to *
adding 467
number is next to *
adding 462
number is next to *
adding 296
number is next to *
adding 211
number is next to *
adding 283
number is next to &
adding 488
number is next to *
adding 796
number is next to *
adding 774
number is next to *
adding 200
number is next to *
adding 87
...663..............$961..579...........................*...................189..........71................420..57...............*..........
number is next to *
adding 663
number is next to $
adding 961
number is next to *
adding 579
number is next to $
adding 189
number is next to -
adding 71
...........617.645...........*........700..886...806.581.610.....132.379.......$......+....-..941$.....................504....589........528
number is next to +
adding 645
number is next to *
adding 700
number is next to &
adding 886
number is next to &
adding 806
number is next to *
adding 581
number is next to *
adding 610
number is next to *
adding 132
number is next to *
adding 379
number is next to $
adding 941
number is next to *
adding 504
number is next to *
adding 589
......377.......+.....290...221..768.....*....&....&................*.................556..............132.............*....................
number is next to +
adding 290
number is next to *
adding 221
number is next to *
adding 768
number is next to +
adding 556
number is next to *
adding 132
......................+.............*152.448............903.....339.....=.......709............991.......*.............865..................
number is next to *
adding 152
number is next to *
adding 448
number is next to *
adding 903
number is next to *
adding 339
number is next to -
adding 709
number is next to *
adding 991
number is next to *
adding 865
....-.....$717.............552................40..458....*.....*......365.......-......762.732...*.....690.266.....222............122.......
number is next to $
adding 717
number is next to *
adding 552
number is next to *
adding 458
number is next to =
adding 365
number is next to *
adding 762
number is next to *
adding 732
number is next to *
adding 690
number is next to @
adding 266
number is next to *
adding 222
number is next to *
adding 122
.414...........496...+.712..*...=....785.........*.......79...884.991................/....*.....844..-........@....*...782...........*627...
number is next to -
adding 414
number is next to %
adding 496
number is next to *
adding 712
number is next to #
adding 785
number is next to *
adding 79
number is next to *
adding 884
number is next to *
adding 991
number is next to *
adding 844
number is next to *
adding 782
number is next to *
adding 627
.......$........%..560..*...873..739..#........368.991......*.....*.....27..........951..............864.........206...*...878..............
number is next to +
adding 560
number is next to *
adding 873
number is next to =
adding 739
number is next to *
adding 368
number is next to *
adding 991
number is next to +
adding 27
number is next to /
adding 951
number is next to -
adding 864
number is next to *
adding 206
number is next to *
adding 878
.....231..995...........865................602......*....379.609.935...+......643................952.....@...........884...*................
number is next to $
adding 231
number is next to $
adding 995
number is next to *
adding 865
number is next to =
adding 602
number is next to *
adding 379
number is next to *
adding 609
number is next to *
adding 935
number is next to +
adding 952
number is next to *
adding 884
.............$....726........360..........=.................................................*990.+........959............932................
number is next to +
adding 726
number is next to =
adding 360
number is next to *
adding 990
number is next to @
adding 959
number is next to *
adding 932
.....................+.508.....=...194.......*30........./...........487......171...243..709........495.........995.464.......997...........
number is next to $
adding 508
number is next to *
adding 194
number is next to *
adding 30
number is next to *
adding 487
number is next to /
adding 171
number is next to *
adding 709
number is next to *
adding 495
number is next to *
adding 995
number is next to %
adding 464
number is next to *
adding 997
......292..............$.............*....253.........*.554...........*......../......................*.........*....%......*....*582.446...
number is next to *
adding 253
number is next to /
adding 554
number is next to *
adding 582
number is next to *
adding 446
...........802.....237.....*32...286.259............132.....236......683.....&.......................705...$855.37.....=...476.........*....
number is next to *
adding 237
number is next to *
adding 32
number is next to *
adding 286
number is next to *
adding 259
number is next to *
adding 132
number is next to $
adding 236
number is next to *
adding 683
number is next to *
adding 705
number is next to $
adding 855
number is next to *
adding 37
number is next to *
adding 476
.....418=.............*.664........*..........*11............$.....=.....70.380....138.....416.609..................452........43...156..260
number is next to =
adding 418
number is next to *
adding 664
number is next to *
adding 11
number is next to *
adding 70
number is next to &
adding 380
number is next to *
adding 138
number is next to *
adding 416
number is next to &
adding 609
number is next to =
adding 452
number is next to #
adding 43
number is next to *
adding 156
number is next to -
adding 260
....................20..........512........303.....-................491...*.......*.........*..&..........&962..........*......#........-...
number is next to *
adding 20
number is next to *
adding 512
number is next to *
adding 303
number is next to =
adding 491
number is next to &
adding 962
426.646....833...........821....................348.......537...668........92.....295.....620...................147=.753....................
number is next to *
adding 646
number is next to *
adding 833
number is next to -
adding 348
number is next to $
adding 537
number is next to *
adding 92
number is next to *
adding 295
number is next to *
adding 620
number is next to =
adding 147
number is next to *
adding 753
......*.....*..................210.681...................$..........937.......350......................533............................+.....
number is next to *
adding 210
number is next to *
adding 350
number is next to *
adding 533
.65...22..656...#........*44...*.......178*.........446.........655..............*592.....952-.....680..*...........=..305#............704..
number is next to *
adding 65
number is next to *
adding 22
number is next to *
adding 656
number is next to *
adding 44
number is next to *
adding 178
number is next to *
adding 446
number is next to *
adding 592
number is next to -
adding 952
number is next to =
adding 680
number is next to #
adding 305
number is next to +
adding 704
...*.............422..835......126.........552.......*....543..........-....444.......995.........=.....771........480.........782..........
number is next to #
adding 422
number is next to *
adding 835
number is next to *
adding 126
number is next to *
adding 552
number is next to &
adding 543
number is next to =
adding 444
number is next to -
adding 995
number is next to *
adding 771
number is next to =
adding 480
............28............983$...........5............953.&.......216..749....=..........-....................232...........................
number is next to $
adding 983
number is next to *
adding 5
number is next to *
adding 953
number is next to *
adding 216
number is next to -
adding 749
number is next to *
adding 232
.....................878................*.........426...............*.........................$........792%..*....898......264...39.........
number is next to *
adding 426
number is next to %
adding 792
number is next to *
adding 39
...480.....674..149+...................740......#....*251..920.......552......................713...........639.......917.........*.........
number is next to +
adding 480
number is next to +
adding 674
number is next to +
adding 149
number is next to *
adding 740
number is next to *
adding 251
number is next to *
adding 920
number is next to *
adding 552
number is next to $
adding 713
number is next to *
adding 639
...+........+...................$951..........*..968.......*............................................750.......479............770.959....
number is next to $
adding 951
number is next to #
adding 968
number is next to &
adding 750
number is next to *
adding 479
number is next to *
adding 770
number is next to +
adding 959
...............424..54*489..+...........14..355...........782...50................900.770..........639.....&.942.....*39.....477........+...
number is next to *
adding 54
number is next to *
adding 489
number is next to *
adding 355
number is next to *
adding 782
number is next to *
adding 50
number is next to /
adding 900
number is next to &
adding 770
number is next to #
adding 639
number is next to *
adding 942
number is next to *
adding 39
number is next to *
adding 477
....888.....................412................................*...%123...579...../....&.....315.....#..........*..............*..66........
number is next to *
adding 888
number is next to +
adding 412
number is next to %
adding 123
number is next to *
adding 315
......*..........................793..402.......*807...854@...115........................=...*...204.......208..928..........121............
number is next to *
adding 793
number is next to *
adding 402
number is next to *
adding 807
number is next to @
adding 854
number is next to *
adding 115
number is next to *
adding 204
number is next to &
adding 208
number is next to *
adding 928
number is next to *
adding 121
...........880=.818......982......*......*...923.......................................809.962...*.........&................................
number is next to =
adding 880
number is next to *
adding 818
number is next to @
adding 982
number is next to *
adding 923
number is next to =
adding 809
number is next to *
adding 962
...957*511.........*436..@......704.......................-......../....84/...369.496..........917.....................464..................
number is next to *
adding 957
number is next to *
adding 511
number is next to *
adding 436
number is next to *
adding 704
number is next to /
adding 84
number is next to *
adding 496
number is next to *
adding 917
............................812.........785*...............848..506..................*116................=..#...............................
number is next to *
adding 785
number is next to -
adding 848
number is next to /
adding 506
number is next to *
adding 116
..........694..257..876.....................15.........176.............................................593...168...914.230-.200.........500.
number is next to &
adding 694
number is next to *
adding 257
number is next to *
adding 15
number is next to *
adding 176
number is next to =
adding 593
number is next to #
adding 168
number is next to -
adding 914
number is next to -
adding 230
number is next to =
adding 500
...427...&.....*..........................................*.............=...%....233..616&....299*.................-....................=...
number is next to &
adding 427
number is next to @
adding 233
number is next to &
adding 616
number is next to *
adding 299
......&......598............571/....60.........897.......911....34....106...713.@.............................933..........288..............
number is next to *
adding 598
number is next to /
adding 571
number is next to *
adding 60
number is next to *
adding 897
number is next to *
adding 911
number is next to *
adding 34
number is next to =
adding 106
number is next to %
adding 713
number is next to *
adding 933
number is next to *
adding 288
..314...............563...&...........*...........*............*......................198........................*............*591....246...
number is next to *
adding 314
number is next to +
adding 563
number is next to *
adding 591
....*......274.875.....+.114...........105.763..319...................*730.....158.....................487.......505........................
number is next to *
adding 274
number is next to *
adding 875
number is next to &
adding 114
number is next to *
adding 105
number is next to *
adding 763
number is next to *
adding 319
number is next to *
adding 730
number is next to *
adding 158
number is next to -
adding 487
number is next to *
adding 505
.439..........*......................*........*.......595.190.173..653............*...882.812.....*230..-............522....=.......192.....
number is next to *
adding 439
number is next to *
adding 595
number is next to *
adding 190
number is next to *
adding 173
number is next to *
adding 653
number is next to *
adding 882
number is next to *
adding 812
number is next to *
adding 230
number is next to -
adding 522
number is next to #
adding 192
................554...825...845...797.572..814.......*.......*............*....167.......*.....581...................-.......330.......#....
number is next to *
adding 554
number is next to $
adding 825
number is next to #
adding 845
number is next to *
adding 797
number is next to *
adding 572
number is next to *
adding 814
number is next to *
adding 167
number is next to *
adding 581
number is next to =
adding 330
.......82......*......$....#.........................318...............326.924......880....288..........*.....44.....................+......
number is next to -
adding 82
number is next to *
adding 318
number is next to *
adding 326
number is next to *
adding 924
number is next to *
adding 288
number is next to *
adding 44
.....-...-....526.........................=981...........959....................*.............*......915.116.*....$...=..............577....
number is next to *
adding 526
number is next to =
adding 981
number is next to *
adding 959
number is next to *
adding 915
number is next to *
adding 116
number is next to +
adding 577
..130..............................@330..............414.*....679........999.344.611.......432..................690....502..................
number is next to -
adding 130
number is next to @
adding 330
number is next to &
adding 679
number is next to %
adding 999
number is next to *
adding 344
number is next to *
adding 611
number is next to *
adding 432
number is next to $
adding 690
number is next to =
adding 502
.............476...#.........................................&.............%...........303.....731.........681..............................
number is next to *
adding 476
number is next to *
adding 303
number is next to $
adding 731
number is next to &
adding 681
....@791....*....152....397....*.....975............904................225...............*.......$........&.....169.207.....................
number is next to @
adding 791
number is next to #
adding 152
number is next to &
adding 397
number is next to %
adding 904
number is next to *
adding 225
..........995...........&...558.857.......141..803.%....-........199.....*......573..63..315................*...........519.................
number is next to *
adding 995
number is next to *
adding 558
number is next to *
adding 857
number is next to *
adding 141
number is next to *
adding 803
number is next to %
adding 199
number is next to *
adding 573
number is next to *
adding 315
......................................158*....*........737.........%....399....*..................#47....100................574...#333......
number is next to *
adding 158
number is next to -
adding 737
number is next to *
adding 399
number is next to #
adding 47
number is next to *
adding 100
number is next to #
adding 333
..........56............822..................665............................563..383........................................................
number is next to *
adding 665
number is next to *
adding 563
532445
